DEBUG:asyncio:Using selector: EpollSelector
INFO:root:hadith id : 48113 20210816, 07:56:10
DEBUG:urllib3.connectionpool:Starting new HTTPS connection (1): hadith.inoor.ir:443
DEBUG:urllib3.connectionpool:https://hadith.inoor.ir:443 "POST /service/api/elastic/ElasticHadithById HTTP/1.1" 200 None
INFO:root:hadith id : 48114 20210816, 07:56:15
DEBUG:urllib3.connectionpool:Starting new HTTPS connection (1): hadith.inoor.ir:443
DEBUG:urllib3.connectionpool:https://hadith.inoor.ir:443 "POST /service/api/elastic/ElasticHadithById HTTP/1.1" 200 None
INFO:root:hadith id : 48115 20210816, 07:56:21
DEBUG:urllib3.connectionpool:Starting new HTTPS connection (1): hadith.inoor.ir:443
DEBUG:urllib3.connectionpool:https://hadith.inoor.ir:443 "POST /service/api/elastic/ElasticHadithById HTTP/1.1" 200 None
INFO:root:hadith id : 48116 20210816, 07:56:26
DEBUG:urllib3.connectionpool:Starting new HTTPS connection (1): hadith.inoor.ir:443
DEBUG:urllib3.connectionpool:https://hadith.inoor.ir:443 "POST /service/api/elastic/ElasticHadithById HTTP/1.1" 200 None
INFO:root:hadith id : 48117 20210816, 07:56:31
DEBUG:urllib3.connectionpool:Starting new HTTPS connection (1): hadith.inoor.ir:443
DEBUG:urllib3.connectionpool:https://hadith.inoor.ir:443 "POST /service/api/elastic/ElasticHadithById HTTP/1.1" 200 None
INFO:root:hadith id : 48118 20210816, 07:56:37
DEBUG:urllib3.connectionpool:Starting new HTTPS connection (1): hadith.inoor.ir:443
DEBUG:urllib3.connectionpool:https://hadith.inoor.ir:443 "POST /service/api/elastic/ElasticHadithById HTTP/1.1" 200 None
INFO:root:hadith id : 48119 20210816, 07:56:42
DEBUG:urllib3.connectionpool:Starting new HTTPS connection (1): hadith.inoor.ir:443
DEBUG:urllib3.connectionpool:https://hadith.inoor.ir:443 "POST /service/api/elastic/ElasticHadithById HTTP/1.1" 200 None
INFO:root:hadith id : 48120 20210816, 07:56:48
DEBUG:urllib3.connectionpool:Starting new HTTPS connection (1): hadith.inoor.ir:443
DEBUG:urllib3.connectionpool:https://hadith.inoor.ir:443 "POST /service/api/elastic/ElasticHadithById HTTP/1.1" 200 None
INFO:root:hadith id : 48121 20210816, 07:56:56
DEBUG:urllib3.connectionpool:Starting new HTTPS connection (1): hadith.inoor.ir:443
DEBUG:urllib3.connectionpool:https://hadith.inoor.ir:443 "POST /service/api/elastic/ElasticHadithById HTTP/1.1" 200 None
INFO:root:hadith id : 48122 20210816, 07:57:01
DEBUG:urllib3.connectionpool:Starting new HTTPS connection (1): hadith.inoor.ir:443
DEBUG:urllib3.connectionpool:https://hadith.inoor.ir:443 "POST /service/api/elastic/ElasticHadithById HTTP/1.1" 200 None
INFO:root:hadith id : 48123 20210816, 07:57:09
DEBUG:urllib3.connectionpool:Starting new HTTPS connection (1): hadith.inoor.ir:443
DEBUG:urllib3.connectionpool:https://hadith.inoor.ir:443 "POST /service/api/elastic/ElasticHadithById HTTP/1.1" 200 None
INFO:root:hadith id : 48124 20210816, 07:57:16
DEBUG:urllib3.connectionpool:Starting new HTTPS connection (1): hadith.inoor.ir:443
DEBUG:urllib3.connectionpool:https://hadith.inoor.ir:443 "POST /service/api/elastic/ElasticHadithById HTTP/1.1" 200 None
INFO:root:hadith id : 48125 20210816, 07:57:24
DEBUG:urllib3.connectionpool:Starting new HTTPS connection (1): hadith.inoor.ir:443
DEBUG:urllib3.connectionpool:https://hadith.inoor.ir:443 "POST /service/api/elastic/ElasticHadithById HTTP/1.1" 200 None
INFO:root:hadith id : 48126 20210816, 07:57:34
DEBUG:urllib3.connectionpool:Starting new HTTPS connection (1): hadith.inoor.ir:443
DEBUG:urllib3.connectionpool:https://hadith.inoor.ir:443 "POST /service/api/elastic/ElasticHadithById HTTP/1.1" 200 None
INFO:root:hadith id : 48127 20210816, 07:57:42
DEBUG:urllib3.connectionpool:Starting new HTTPS connection (1): hadith.inoor.ir:443
DEBUG:urllib3.connectionpool:https://hadith.inoor.ir:443 "POST /service/api/elastic/ElasticHadithById HTTP/1.1" 200 None
INFO:root:hadith id : 48128 20210816, 07:57:49
DEBUG:urllib3.connectionpool:Starting new HTTPS connection (1): hadith.inoor.ir:443
DEBUG:urllib3.connectionpool:https://hadith.inoor.ir:443 "POST /service/api/elastic/ElasticHadithById HTTP/1.1" 200 None
INFO:root:hadith id : 48129 20210816, 07:57:55
DEBUG:urllib3.connectionpool:Starting new HTTPS connection (1): hadith.inoor.ir:443
DEBUG:urllib3.connectionpool:https://hadith.inoor.ir:443 "POST /service/api/elastic/ElasticHadithById HTTP/1.1" 200 None
INFO:root:hadith id : 48130 20210816, 07:58:01
DEBUG:urllib3.connectionpool:Starting new HTTPS connection (1): hadith.inoor.ir:443
DEBUG:urllib3.connectionpool:https://hadith.inoor.ir:443 "POST /service/api/elastic/ElasticHadithById HTTP/1.1" 200 None
INFO:root:hadith id : 48131 20210816, 07:58:07
DEBUG:urllib3.connectionpool:Starting new HTTPS connection (1): hadith.inoor.ir:443
DEBUG:urllib3.connectionpool:https://hadith.inoor.ir:443 "POST /service/api/elastic/ElasticHadithById HTTP/1.1" 200 None
INFO:root:hadith id : 48132 20210816, 07:58:14
DEBUG:urllib3.connectionpool:Starting new HTTPS connection (1): hadith.inoor.ir:443
DEBUG:urllib3.connectionpool:https://hadith.inoor.ir:443 "POST /service/api/elastic/ElasticHadithById HTTP/1.1" 200 None
INFO:root:hadith id : 48133 20210816, 07:58:20
DEBUG:urllib3.connectionpool:Starting new HTTPS connection (1): hadith.inoor.ir:443
DEBUG:urllib3.connectionpool:https://hadith.inoor.ir:443 "POST /service/api/elastic/ElasticHadithById HTTP/1.1" 200 None
INFO:root:hadith id : 48134 20210816, 07:58:26
DEBUG:urllib3.connectionpool:Starting new HTTPS connection (1): hadith.inoor.ir:443
DEBUG:urllib3.connectionpool:https://hadith.inoor.ir:443 "POST /service/api/elastic/ElasticHadithById HTTP/1.1" 200 None
INFO:root:hadith id : 48135 20210816, 07:58:32
DEBUG:urllib3.connectionpool:Starting new HTTPS connection (1): hadith.inoor.ir:443
DEBUG:urllib3.connectionpool:https://hadith.inoor.ir:443 "POST /service/api/elastic/ElasticHadithById HTTP/1.1" 200 None
INFO:root:hadith id : 48136 20210816, 07:58:43
DEBUG:urllib3.connectionpool:Starting new HTTPS connection (1): hadith.inoor.ir:443
DEBUG:urllib3.connectionpool:https://hadith.inoor.ir:443 "POST /service/api/elastic/ElasticHadithById HTTP/1.1" 200 None
INFO:root:hadith id : 48137 20210816, 07:58:57
DEBUG:urllib3.connectionpool:Starting new HTTPS connection (1): hadith.inoor.ir:443
DEBUG:urllib3.connectionpool:https://hadith.inoor.ir:443 "POST /service/api/elastic/ElasticHadithById HTTP/1.1" 200 None
INFO:root:hadith id : 48138 20210816, 07:59:03
DEBUG:urllib3.connectionpool:Starting new HTTPS connection (1): hadith.inoor.ir:443
DEBUG:urllib3.connectionpool:https://hadith.inoor.ir:443 "POST /service/api/elastic/ElasticHadithById HTTP/1.1" 200 None
INFO:root:hadith id : 48139 20210816, 07:59:08
DEBUG:urllib3.connectionpool:Starting new HTTPS connection (1): hadith.inoor.ir:443
DEBUG:urllib3.connectionpool:https://hadith.inoor.ir:443 "POST /service/api/elastic/ElasticHadithById HTTP/1.1" 200 None
INFO:root:hadith id : 48140 20210816, 07:59:15
DEBUG:urllib3.connectionpool:Starting new HTTPS connection (1): hadith.inoor.ir:443
DEBUG:urllib3.connectionpool:https://hadith.inoor.ir:443 "POST /service/api/elastic/ElasticHadithById HTTP/1.1" 200 None
INFO:root:hadith id : 48141 20210816, 07:59:21
DEBUG:urllib3.connectionpool:Starting new HTTPS connection (1): hadith.inoor.ir:443
DEBUG:urllib3.connectionpool:https://hadith.inoor.ir:443 "POST /service/api/elastic/ElasticHadithById HTTP/1.1" 200 None
INFO:root:hadith id : 48142 20210816, 07:59:29
DEBUG:urllib3.connectionpool:Starting new HTTPS connection (1): hadith.inoor.ir:443
DEBUG:urllib3.connectionpool:https://hadith.inoor.ir:443 "POST /service/api/elastic/ElasticHadithById HTTP/1.1" 200 None
INFO:root:hadith id : 48143 20210816, 07:59:40
DEBUG:urllib3.connectionpool:Starting new HTTPS connection (1): hadith.inoor.ir:443
DEBUG:urllib3.connectionpool:https://hadith.inoor.ir:443 "POST /service/api/elastic/ElasticHadithById HTTP/1.1" 200 None
INFO:root:hadith id : 48144 20210816, 07:59:47
DEBUG:urllib3.connectionpool:Starting new HTTPS connection (1): hadith.inoor.ir:443
DEBUG:urllib3.connectionpool:https://hadith.inoor.ir:443 "POST /service/api/elastic/ElasticHadithById HTTP/1.1" 200 None
INFO:root:hadith id : 48145 20210816, 07:59:52
DEBUG:urllib3.connectionpool:Starting new HTTPS connection (1): hadith.inoor.ir:443
DEBUG:urllib3.connectionpool:https://hadith.inoor.ir:443 "POST /service/api/elastic/ElasticHadithById HTTP/1.1" 200 None
INFO:root:hadith id : 48146 20210816, 07:59:59
DEBUG:urllib3.connectionpool:Starting new HTTPS connection (1): hadith.inoor.ir:443
DEBUG:urllib3.connectionpool:https://hadith.inoor.ir:443 "POST /service/api/elastic/ElasticHadithById HTTP/1.1" 200 None
INFO:root:hadith id : 48147 20210816, 08:00:05
DEBUG:urllib3.connectionpool:Starting new HTTPS connection (1): hadith.inoor.ir:443
DEBUG:urllib3.connectionpool:https://hadith.inoor.ir:443 "POST /service/api/elastic/ElasticHadithById HTTP/1.1" 200 None
INFO:root:hadith id : 48148 20210816, 08:00:11
DEBUG:urllib3.connectionpool:Starting new HTTPS connection (1): hadith.inoor.ir:443
DEBUG:urllib3.connectionpool:https://hadith.inoor.ir:443 "POST /service/api/elastic/ElasticHadithById HTTP/1.1" 200 None
INFO:root:hadith id : 48149 20210816, 08:00:18
DEBUG:urllib3.connectionpool:Starting new HTTPS connection (1): hadith.inoor.ir:443
DEBUG:urllib3.connectionpool:https://hadith.inoor.ir:443 "POST /service/api/elastic/ElasticHadithById HTTP/1.1" 200 None
INFO:root:hadith id : 48150 20210816, 08:00:24
DEBUG:urllib3.connectionpool:Starting new HTTPS connection (1): hadith.inoor.ir:443
DEBUG:urllib3.connectionpool:https://hadith.inoor.ir:443 "POST /service/api/elastic/ElasticHadithById HTTP/1.1" 200 None
INFO:root:hadith id : 48151 20210816, 08:00:30
DEBUG:urllib3.connectionpool:Starting new HTTPS connection (1): hadith.inoor.ir:443
DEBUG:urllib3.connectionpool:https://hadith.inoor.ir:443 "POST /service/api/elastic/ElasticHadithById HTTP/1.1" 200 None
INFO:root:hadith id : 48152 20210816, 08:00:36
DEBUG:urllib3.connectionpool:Starting new HTTPS connection (1): hadith.inoor.ir:443
DEBUG:urllib3.connectionpool:https://hadith.inoor.ir:443 "POST /service/api/elastic/ElasticHadithById HTTP/1.1" 200 None
INFO:root:hadith id : 48153 20210816, 08:00:41
DEBUG:urllib3.connectionpool:Starting new HTTPS connection (1): hadith.inoor.ir:443
DEBUG:urllib3.connectionpool:https://hadith.inoor.ir:443 "POST /service/api/elastic/ElasticHadithById HTTP/1.1" 200 None
INFO:root:hadith id : 48154 20210816, 08:00:50
DEBUG:urllib3.connectionpool:Starting new HTTPS connection (1): hadith.inoor.ir:443
DEBUG:urllib3.connectionpool:https://hadith.inoor.ir:443 "POST /service/api/elastic/ElasticHadithById HTTP/1.1" 200 None
INFO:root:hadith id : 48155 20210816, 08:00:57
DEBUG:urllib3.connectionpool:Starting new HTTPS connection (1): hadith.inoor.ir:443
DEBUG:urllib3.connectionpool:https://hadith.inoor.ir:443 "POST /service/api/elastic/ElasticHadithById HTTP/1.1" 200 None
INFO:root:hadith id : 48156 20210816, 08:01:02
DEBUG:urllib3.connectionpool:Starting new HTTPS connection (1): hadith.inoor.ir:443
DEBUG:urllib3.connectionpool:https://hadith.inoor.ir:443 "POST /service/api/elastic/ElasticHadithById HTTP/1.1" 200 None
INFO:root:hadith id : 48157 20210816, 08:01:08
DEBUG:urllib3.connectionpool:Starting new HTTPS connection (1): hadith.inoor.ir:443
DEBUG:urllib3.connectionpool:https://hadith.inoor.ir:443 "POST /service/api/elastic/ElasticHadithById HTTP/1.1" 200 None
INFO:root:hadith id : 48158 20210816, 08:01:15
DEBUG:urllib3.connectionpool:Starting new HTTPS connection (1): hadith.inoor.ir:443
DEBUG:urllib3.connectionpool:https://hadith.inoor.ir:443 "POST /service/api/elastic/ElasticHadithById HTTP/1.1" 200 None
INFO:root:hadith id : 48159 20210816, 08:01:21
DEBUG:urllib3.connectionpool:Starting new HTTPS connection (1): hadith.inoor.ir:443
DEBUG:urllib3.connectionpool:https://hadith.inoor.ir:443 "POST /service/api/elastic/ElasticHadithById HTTP/1.1" 200 None
INFO:root:hadith id : 48160 20210816, 08:01:28
DEBUG:urllib3.connectionpool:Starting new HTTPS connection (1): hadith.inoor.ir:443
DEBUG:urllib3.connectionpool:https://hadith.inoor.ir:443 "POST /service/api/elastic/ElasticHadithById HTTP/1.1" 200 None
INFO:root:hadith id : 48161 20210816, 08:01:35
DEBUG:urllib3.connectionpool:Starting new HTTPS connection (1): hadith.inoor.ir:443
DEBUG:urllib3.connectionpool:https://hadith.inoor.ir:443 "POST /service/api/elastic/ElasticHadithById HTTP/1.1" 200 None
INFO:root:hadith id : 48162 20210816, 08:01:41
DEBUG:urllib3.connectionpool:Starting new HTTPS connection (1): hadith.inoor.ir:443
DEBUG:urllib3.connectionpool:https://hadith.inoor.ir:443 "POST /service/api/elastic/ElasticHadithById HTTP/1.1" 200 None
INFO:root:hadith id : 48163 20210816, 08:01:48
DEBUG:urllib3.connectionpool:Starting new HTTPS connection (1): hadith.inoor.ir:443
DEBUG:urllib3.connectionpool:https://hadith.inoor.ir:443 "POST /service/api/elastic/ElasticHadithById HTTP/1.1" 200 None
INFO:root:hadith id : 48164 20210816, 08:01:56
DEBUG:urllib3.connectionpool:Starting new HTTPS connection (1): hadith.inoor.ir:443
DEBUG:urllib3.connectionpool:https://hadith.inoor.ir:443 "POST /service/api/elastic/ElasticHadithById HTTP/1.1" 200 None
INFO:root:hadith id : 48165 20210816, 08:02:04
DEBUG:urllib3.connectionpool:Starting new HTTPS connection (1): hadith.inoor.ir:443
DEBUG:urllib3.connectionpool:https://hadith.inoor.ir:443 "POST /service/api/elastic/ElasticHadithById HTTP/1.1" 200 None
INFO:root:hadith id : 48166 20210816, 08:02:10
DEBUG:urllib3.connectionpool:Starting new HTTPS connection (1): hadith.inoor.ir:443
DEBUG:urllib3.connectionpool:https://hadith.inoor.ir:443 "POST /service/api/elastic/ElasticHadithById HTTP/1.1" 200 None
INFO:root:hadith id : 48167 20210816, 08:02:17
DEBUG:urllib3.connectionpool:Starting new HTTPS connection (1): hadith.inoor.ir:443
DEBUG:urllib3.connectionpool:https://hadith.inoor.ir:443 "POST /service/api/elastic/ElasticHadithById HTTP/1.1" 200 None
INFO:root:hadith id : 48168 20210816, 08:02:26
DEBUG:urllib3.connectionpool:Starting new HTTPS connection (1): hadith.inoor.ir:443
DEBUG:urllib3.connectionpool:https://hadith.inoor.ir:443 "POST /service/api/elastic/ElasticHadithById HTTP/1.1" 200 None
INFO:root:hadith id : 48168 20210816, 08:17:15
DEBUG:urllib3.connectionpool:Starting new HTTPS connection (1): hadith.inoor.ir:443
DEBUG:urllib3.connectionpool:https://hadith.inoor.ir:443 "POST /service/api/elastic/ElasticHadithById HTTP/1.1" 200 None
INFO:root:hadith id : 48169 20210816, 08:17:25
DEBUG:urllib3.connectionpool:Starting new HTTPS connection (1): hadith.inoor.ir:443
DEBUG:urllib3.connectionpool:https://hadith.inoor.ir:443 "POST /service/api/elastic/ElasticHadithById HTTP/1.1" 200 None
INFO:root:hadith id : 48170 20210816, 08:17:32
DEBUG:urllib3.connectionpool:Starting new HTTPS connection (1): hadith.inoor.ir:443
DEBUG:urllib3.connectionpool:https://hadith.inoor.ir:443 "POST /service/api/elastic/ElasticHadithById HTTP/1.1" 200 None
INFO:root:hadith id : 48171 20210816, 08:17:38
DEBUG:urllib3.connectionpool:Starting new HTTPS connection (1): hadith.inoor.ir:443
DEBUG:urllib3.connectionpool:https://hadith.inoor.ir:443 "POST /service/api/elastic/ElasticHadithById HTTP/1.1" 200 None
INFO:root:hadith id : 48172 20210816, 08:17:45
DEBUG:urllib3.connectionpool:Starting new HTTPS connection (1): hadith.inoor.ir:443
DEBUG:urllib3.connectionpool:https://hadith.inoor.ir:443 "POST /service/api/elastic/ElasticHadithById HTTP/1.1" 200 None
INFO:root:hadith id : 48173 20210816, 08:17:53
DEBUG:urllib3.connectionpool:Starting new HTTPS connection (1): hadith.inoor.ir:443
DEBUG:urllib3.connectionpool:https://hadith.inoor.ir:443 "POST /service/api/elastic/ElasticHadithById HTTP/1.1" 200 None
INFO:root:hadith id : 48174 20210816, 08:18:00
DEBUG:urllib3.connectionpool:Starting new HTTPS connection (1): hadith.inoor.ir:443
DEBUG:urllib3.connectionpool:https://hadith.inoor.ir:443 "POST /service/api/elastic/ElasticHadithById HTTP/1.1" 200 None
INFO:root:hadith id : 48175 20210816, 08:18:13
DEBUG:urllib3.connectionpool:Starting new HTTPS connection (1): hadith.inoor.ir:443
DEBUG:urllib3.connectionpool:https://hadith.inoor.ir:443 "POST /service/api/elastic/ElasticHadithById HTTP/1.1" 200 None
INFO:root:hadith id : 48176 20210816, 08:18:22
DEBUG:urllib3.connectionpool:Starting new HTTPS connection (1): hadith.inoor.ir:443
DEBUG:urllib3.connectionpool:https://hadith.inoor.ir:443 "POST /service/api/elastic/ElasticHadithById HTTP/1.1" 200 None
INFO:root:hadith id : 48177 20210816, 08:18:29
DEBUG:urllib3.connectionpool:Starting new HTTPS connection (1): hadith.inoor.ir:443
DEBUG:urllib3.connectionpool:https://hadith.inoor.ir:443 "POST /service/api/elastic/ElasticHadithById HTTP/1.1" 200 None
INFO:root:hadith id : 48178 20210816, 08:18:40
DEBUG:urllib3.connectionpool:Starting new HTTPS connection (1): hadith.inoor.ir:443
DEBUG:urllib3.connectionpool:https://hadith.inoor.ir:443 "POST /service/api/elastic/ElasticHadithById HTTP/1.1" 200 None
INFO:root:hadith id : 48179 20210816, 08:18:47
DEBUG:urllib3.connectionpool:Starting new HTTPS connection (1): hadith.inoor.ir:443
DEBUG:urllib3.connectionpool:https://hadith.inoor.ir:443 "POST /service/api/elastic/ElasticHadithById HTTP/1.1" 200 None
INFO:root:hadith id : 48180 20210816, 08:18:55
DEBUG:urllib3.connectionpool:Starting new HTTPS connection (1): hadith.inoor.ir:443
DEBUG:urllib3.connectionpool:https://hadith.inoor.ir:443 "POST /service/api/elastic/ElasticHadithById HTTP/1.1" 200 None
INFO:root:hadith id : 48181 20210816, 08:19:03
DEBUG:urllib3.connectionpool:Starting new HTTPS connection (1): hadith.inoor.ir:443
DEBUG:urllib3.connectionpool:https://hadith.inoor.ir:443 "POST /service/api/elastic/ElasticHadithById HTTP/1.1" 200 None
INFO:root:hadith id : 48182 20210816, 08:19:09
DEBUG:urllib3.connectionpool:Starting new HTTPS connection (1): hadith.inoor.ir:443
DEBUG:urllib3.connectionpool:https://hadith.inoor.ir:443 "POST /service/api/elastic/ElasticHadithById HTTP/1.1" 200 None
INFO:root:hadith id : 48183 20210816, 08:19:16
DEBUG:urllib3.connectionpool:Starting new HTTPS connection (1): hadith.inoor.ir:443
DEBUG:urllib3.connectionpool:https://hadith.inoor.ir:443 "POST /service/api/elastic/ElasticHadithById HTTP/1.1" 200 None
INFO:root:hadith id : 48184 20210816, 08:19:24
DEBUG:urllib3.connectionpool:Starting new HTTPS connection (1): hadith.inoor.ir:443
DEBUG:urllib3.connectionpool:https://hadith.inoor.ir:443 "POST /service/api/elastic/ElasticHadithById HTTP/1.1" 200 None
INFO:root:hadith id : 48185 20210816, 08:19:30
DEBUG:urllib3.connectionpool:Starting new HTTPS connection (1): hadith.inoor.ir:443
DEBUG:urllib3.connectionpool:https://hadith.inoor.ir:443 "POST /service/api/elastic/ElasticHadithById HTTP/1.1" 200 None
INFO:root:hadith id : 48186 20210816, 08:19:36
DEBUG:urllib3.connectionpool:Starting new HTTPS connection (1): hadith.inoor.ir:443
DEBUG:urllib3.connectionpool:https://hadith.inoor.ir:443 "POST /service/api/elastic/ElasticHadithById HTTP/1.1" 200 None
INFO:root:hadith id : 48187 20210816, 08:19:43
DEBUG:urllib3.connectionpool:Starting new HTTPS connection (1): hadith.inoor.ir:443
DEBUG:urllib3.connectionpool:https://hadith.inoor.ir:443 "POST /service/api/elastic/ElasticHadithById HTTP/1.1" 200 None
INFO:root:hadith id : 48188 20210816, 08:19:50
DEBUG:urllib3.connectionpool:Starting new HTTPS connection (1): hadith.inoor.ir:443
DEBUG:urllib3.connectionpool:https://hadith.inoor.ir:443 "POST /service/api/elastic/ElasticHadithById HTTP/1.1" 200 None
INFO:root:hadith id : 48189 20210816, 08:19:57
DEBUG:urllib3.connectionpool:Starting new HTTPS connection (1): hadith.inoor.ir:443
DEBUG:urllib3.connectionpool:https://hadith.inoor.ir:443 "POST /service/api/elastic/ElasticHadithById HTTP/1.1" 200 None
INFO:root:hadith id : 48190 20210816, 08:20:05
DEBUG:urllib3.connectionpool:Starting new HTTPS connection (1): hadith.inoor.ir:443
DEBUG:urllib3.connectionpool:https://hadith.inoor.ir:443 "POST /service/api/elastic/ElasticHadithById HTTP/1.1" 200 None
INFO:root:hadith id : 48191 20210816, 08:20:11
DEBUG:urllib3.connectionpool:Starting new HTTPS connection (1): hadith.inoor.ir:443
DEBUG:urllib3.connectionpool:https://hadith.inoor.ir:443 "POST /service/api/elastic/ElasticHadithById HTTP/1.1" 200 None
INFO:root:hadith id : 48192 20210816, 08:20:18
DEBUG:urllib3.connectionpool:Starting new HTTPS connection (1): hadith.inoor.ir:443
DEBUG:urllib3.connectionpool:https://hadith.inoor.ir:443 "POST /service/api/elastic/ElasticHadithById HTTP/1.1" 200 None
INFO:root:hadith id : 48193 20210816, 08:20:24
DEBUG:urllib3.connectionpool:Starting new HTTPS connection (1): hadith.inoor.ir:443
DEBUG:urllib3.connectionpool:https://hadith.inoor.ir:443 "POST /service/api/elastic/ElasticHadithById HTTP/1.1" 200 None
INFO:root:hadith id : 48194 20210816, 08:20:30
DEBUG:urllib3.connectionpool:Starting new HTTPS connection (1): hadith.inoor.ir:443
DEBUG:urllib3.connectionpool:https://hadith.inoor.ir:443 "POST /service/api/elastic/ElasticHadithById HTTP/1.1" 200 None
INFO:root:hadith id : 48195 20210816, 08:20:38
DEBUG:urllib3.connectionpool:Starting new HTTPS connection (1): hadith.inoor.ir:443
DEBUG:urllib3.connectionpool:https://hadith.inoor.ir:443 "POST /service/api/elastic/ElasticHadithById HTTP/1.1" 200 None
INFO:root:hadith id : 48196 20210816, 08:20:45
DEBUG:urllib3.connectionpool:Starting new HTTPS connection (1): hadith.inoor.ir:443
DEBUG:urllib3.connectionpool:https://hadith.inoor.ir:443 "POST /service/api/elastic/ElasticHadithById HTTP/1.1" 200 None
INFO:root:hadith id : 48197 20210816, 08:20:52
DEBUG:urllib3.connectionpool:Starting new HTTPS connection (1): hadith.inoor.ir:443
DEBUG:urllib3.connectionpool:https://hadith.inoor.ir:443 "POST /service/api/elastic/ElasticHadithById HTTP/1.1" 200 None
INFO:root:hadith id : 48198 20210816, 08:20:59
DEBUG:urllib3.connectionpool:Starting new HTTPS connection (1): hadith.inoor.ir:443
DEBUG:urllib3.connectionpool:https://hadith.inoor.ir:443 "POST /service/api/elastic/ElasticHadithById HTTP/1.1" 200 None
INFO:root:hadith id : 48199 20210816, 08:21:06
DEBUG:urllib3.connectionpool:Starting new HTTPS connection (1): hadith.inoor.ir:443
DEBUG:urllib3.connectionpool:https://hadith.inoor.ir:443 "POST /service/api/elastic/ElasticHadithById HTTP/1.1" 200 None
INFO:root:hadith id : 48200 20210816, 08:21:11
DEBUG:urllib3.connectionpool:Starting new HTTPS connection (1): hadith.inoor.ir:443
DEBUG:urllib3.connectionpool:https://hadith.inoor.ir:443 "POST /service/api/elastic/ElasticHadithById HTTP/1.1" 200 None
INFO:root:hadith id : 48201 20210816, 08:21:18
DEBUG:urllib3.connectionpool:Starting new HTTPS connection (1): hadith.inoor.ir:443
DEBUG:urllib3.connectionpool:https://hadith.inoor.ir:443 "POST /service/api/elastic/ElasticHadithById HTTP/1.1" 200 None
INFO:root:hadith id : 48202 20210816, 08:21:24
DEBUG:urllib3.connectionpool:Starting new HTTPS connection (1): hadith.inoor.ir:443
DEBUG:urllib3.connectionpool:https://hadith.inoor.ir:443 "POST /service/api/elastic/ElasticHadithById HTTP/1.1" 200 None
INFO:root:hadith id : 48203 20210816, 08:21:34
DEBUG:urllib3.connectionpool:Starting new HTTPS connection (1): hadith.inoor.ir:443
DEBUG:urllib3.connectionpool:https://hadith.inoor.ir:443 "POST /service/api/elastic/ElasticHadithById HTTP/1.1" 200 None
INFO:root:hadith id : 48204 20210816, 08:21:41
DEBUG:urllib3.connectionpool:Starting new HTTPS connection (1): hadith.inoor.ir:443
DEBUG:urllib3.connectionpool:https://hadith.inoor.ir:443 "POST /service/api/elastic/ElasticHadithById HTTP/1.1" 200 None
INFO:root:hadith id : 48205 20210816, 08:21:48
DEBUG:urllib3.connectionpool:Starting new HTTPS connection (1): hadith.inoor.ir:443
DEBUG:urllib3.connectionpool:https://hadith.inoor.ir:443 "POST /service/api/elastic/ElasticHadithById HTTP/1.1" 200 None
INFO:root:hadith id : 48206 20210816, 08:21:55
DEBUG:urllib3.connectionpool:Starting new HTTPS connection (1): hadith.inoor.ir:443
DEBUG:urllib3.connectionpool:https://hadith.inoor.ir:443 "POST /service/api/elastic/ElasticHadithById HTTP/1.1" 200 None
INFO:root:hadith id : 48207 20210816, 08:22:01
DEBUG:urllib3.connectionpool:Starting new HTTPS connection (1): hadith.inoor.ir:443
DEBUG:urllib3.connectionpool:https://hadith.inoor.ir:443 "POST /service/api/elastic/ElasticHadithById HTTP/1.1" 200 None
INFO:root:hadith id : 48208 20210816, 08:22:07
DEBUG:urllib3.connectionpool:Starting new HTTPS connection (1): hadith.inoor.ir:443
DEBUG:urllib3.connectionpool:https://hadith.inoor.ir:443 "POST /service/api/elastic/ElasticHadithById HTTP/1.1" 430 9
INFO:root:hadith id : 48207 20210818, 17:59:59
DEBUG:urllib3.connectionpool:Starting new HTTPS connection (1): hadith.inoor.ir:443
DEBUG:urllib3.connectionpool:https://hadith.inoor.ir:443 "POST /service/api/elastic/ElasticHadithById HTTP/1.1" 200 None
INFO:root:hadith id : 48208 20210818, 18:00:15
DEBUG:urllib3.connectionpool:Starting new HTTPS connection (1): hadith.inoor.ir:443
DEBUG:urllib3.connectionpool:https://hadith.inoor.ir:443 "POST /service/api/elastic/ElasticHadithById HTTP/1.1" 200 None
INFO:root:hadith id : 48209 20210818, 18:00:32
DEBUG:urllib3.connectionpool:Starting new HTTPS connection (1): hadith.inoor.ir:443
DEBUG:urllib3.connectionpool:https://hadith.inoor.ir:443 "POST /service/api/elastic/ElasticHadithById HTTP/1.1" 200 None
INFO:root:hadith id : 48210 20210818, 18:00:48
DEBUG:urllib3.connectionpool:Starting new HTTPS connection (1): hadith.inoor.ir:443
DEBUG:urllib3.connectionpool:https://hadith.inoor.ir:443 "POST /service/api/elastic/ElasticHadithById HTTP/1.1" 200 None
INFO:root:hadith id : 48211 20210818, 18:01:05
DEBUG:urllib3.connectionpool:Starting new HTTPS connection (1): hadith.inoor.ir:443
DEBUG:urllib3.connectionpool:https://hadith.inoor.ir:443 "POST /service/api/elastic/ElasticHadithById HTTP/1.1" 200 None
INFO:root:hadith id : 48212 20210818, 18:01:21
DEBUG:urllib3.connectionpool:Starting new HTTPS connection (1): hadith.inoor.ir:443
DEBUG:urllib3.connectionpool:https://hadith.inoor.ir:443 "POST /service/api/elastic/ElasticHadithById HTTP/1.1" 200 None
INFO:root:hadith id : 48213 20210818, 18:01:37
DEBUG:urllib3.connectionpool:Starting new HTTPS connection (1): hadith.inoor.ir:443
DEBUG:urllib3.connectionpool:https://hadith.inoor.ir:443 "POST /service/api/elastic/ElasticHadithById HTTP/1.1" 200 None
INFO:root:hadith id : 48214 20210818, 18:01:57
DEBUG:urllib3.connectionpool:Starting new HTTPS connection (1): hadith.inoor.ir:443
DEBUG:urllib3.connectionpool:https://hadith.inoor.ir:443 "POST /service/api/elastic/ElasticHadithById HTTP/1.1" 200 None
INFO:root:hadith id : 48215 20210818, 18:02:14
DEBUG:urllib3.connectionpool:Starting new HTTPS connection (1): hadith.inoor.ir:443
DEBUG:urllib3.connectionpool:https://hadith.inoor.ir:443 "POST /service/api/elastic/ElasticHadithById HTTP/1.1" 200 None
INFO:root:hadith id : 48216 20210818, 18:02:30
DEBUG:urllib3.connectionpool:Starting new HTTPS connection (1): hadith.inoor.ir:443
DEBUG:urllib3.connectionpool:https://hadith.inoor.ir:443 "POST /service/api/elastic/ElasticHadithById HTTP/1.1" 200 None
INFO:root:hadith id : 48217 20210818, 18:02:48
DEBUG:urllib3.connectionpool:Starting new HTTPS connection (1): hadith.inoor.ir:443
DEBUG:urllib3.connectionpool:https://hadith.inoor.ir:443 "POST /service/api/elastic/ElasticHadithById HTTP/1.1" 200 None
INFO:root:hadith id : 48218 20210818, 18:03:04
DEBUG:urllib3.connectionpool:Starting new HTTPS connection (1): hadith.inoor.ir:443
DEBUG:urllib3.connectionpool:https://hadith.inoor.ir:443 "POST /service/api/elastic/ElasticHadithById HTTP/1.1" 200 None
INFO:root:hadith id : 48219 20210818, 18:03:21
DEBUG:urllib3.connectionpool:Starting new HTTPS connection (1): hadith.inoor.ir:443
DEBUG:urllib3.connectionpool:https://hadith.inoor.ir:443 "POST /service/api/elastic/ElasticHadithById HTTP/1.1" 200 None
INFO:root:hadith id : 48220 20210818, 18:03:37
DEBUG:urllib3.connectionpool:Starting new HTTPS connection (1): hadith.inoor.ir:443
DEBUG:urllib3.connectionpool:https://hadith.inoor.ir:443 "POST /service/api/elastic/ElasticHadithById HTTP/1.1" 200 None
INFO:root:hadith id : 48221 20210818, 18:03:54
DEBUG:urllib3.connectionpool:Starting new HTTPS connection (1): hadith.inoor.ir:443
DEBUG:urllib3.connectionpool:https://hadith.inoor.ir:443 "POST /service/api/elastic/ElasticHadithById HTTP/1.1" 200 None
INFO:root:hadith id : 48222 20210818, 18:04:10
DEBUG:urllib3.connectionpool:Starting new HTTPS connection (1): hadith.inoor.ir:443
DEBUG:urllib3.connectionpool:https://hadith.inoor.ir:443 "POST /service/api/elastic/ElasticHadithById HTTP/1.1" 200 None
INFO:root:hadith id : 48223 20210818, 18:04:27
DEBUG:urllib3.connectionpool:Starting new HTTPS connection (1): hadith.inoor.ir:443
DEBUG:urllib3.connectionpool:https://hadith.inoor.ir:443 "POST /service/api/elastic/ElasticHadithById HTTP/1.1" 200 None
INFO:root:hadith id : 48224 20210818, 18:04:43
DEBUG:urllib3.connectionpool:Starting new HTTPS connection (1): hadith.inoor.ir:443
DEBUG:urllib3.connectionpool:https://hadith.inoor.ir:443 "POST /service/api/elastic/ElasticHadithById HTTP/1.1" 200 None
INFO:root:hadith id : 48225 20210818, 18:05:00
DEBUG:urllib3.connectionpool:Starting new HTTPS connection (1): hadith.inoor.ir:443
DEBUG:urllib3.connectionpool:https://hadith.inoor.ir:443 "POST /service/api/elastic/ElasticHadithById HTTP/1.1" 200 None
INFO:root:hadith id : 48226 20210818, 18:05:27
DEBUG:urllib3.connectionpool:Starting new HTTPS connection (1): hadith.inoor.ir:443
DEBUG:urllib3.connectionpool:https://hadith.inoor.ir:443 "POST /service/api/elastic/ElasticHadithById HTTP/1.1" 200 None
INFO:root:hadith id : 48227 20210818, 18:05:45
DEBUG:urllib3.connectionpool:Starting new HTTPS connection (1): hadith.inoor.ir:443
DEBUG:urllib3.connectionpool:https://hadith.inoor.ir:443 "POST /service/api/elastic/ElasticHadithById HTTP/1.1" 200 None
INFO:root:hadith id : 48228 20210818, 18:06:01
DEBUG:urllib3.connectionpool:Starting new HTTPS connection (1): hadith.inoor.ir:443
DEBUG:urllib3.connectionpool:https://hadith.inoor.ir:443 "POST /service/api/elastic/ElasticHadithById HTTP/1.1" 200 None
INFO:root:hadith id : 48229 20210818, 18:06:18
DEBUG:urllib3.connectionpool:Starting new HTTPS connection (1): hadith.inoor.ir:443
DEBUG:urllib3.connectionpool:https://hadith.inoor.ir:443 "POST /service/api/elastic/ElasticHadithById HTTP/1.1" 200 None
INFO:root:hadith id : 48230 20210818, 18:06:35
DEBUG:urllib3.connectionpool:Starting new HTTPS connection (1): hadith.inoor.ir:443
DEBUG:urllib3.connectionpool:https://hadith.inoor.ir:443 "POST /service/api/elastic/ElasticHadithById HTTP/1.1" 200 None
INFO:root:hadith id : 48231 20210818, 18:06:51
DEBUG:urllib3.connectionpool:Starting new HTTPS connection (1): hadith.inoor.ir:443
DEBUG:urllib3.connectionpool:https://hadith.inoor.ir:443 "POST /service/api/elastic/ElasticHadithById HTTP/1.1" 200 None
INFO:root:hadith id : 48232 20210818, 18:07:07
DEBUG:urllib3.connectionpool:Starting new HTTPS connection (1): hadith.inoor.ir:443
DEBUG:urllib3.connectionpool:https://hadith.inoor.ir:443 "POST /service/api/elastic/ElasticHadithById HTTP/1.1" 200 None
INFO:root:hadith id : 48233 20210818, 18:07:30
DEBUG:urllib3.connectionpool:Starting new HTTPS connection (1): hadith.inoor.ir:443
DEBUG:urllib3.connectionpool:https://hadith.inoor.ir:443 "POST /service/api/elastic/ElasticHadithById HTTP/1.1" 200 None
INFO:root:hadith id : 48234 20210818, 18:07:51
DEBUG:urllib3.connectionpool:Starting new HTTPS connection (1): hadith.inoor.ir:443
DEBUG:urllib3.connectionpool:https://hadith.inoor.ir:443 "POST /service/api/elastic/ElasticHadithById HTTP/1.1" 200 None
INFO:root:hadith id : 48235 20210818, 18:08:07
DEBUG:urllib3.connectionpool:Starting new HTTPS connection (1): hadith.inoor.ir:443
DEBUG:urllib3.connectionpool:https://hadith.inoor.ir:443 "POST /service/api/elastic/ElasticHadithById HTTP/1.1" 200 None
INFO:root:hadith id : 48236 20210818, 18:08:27
DEBUG:urllib3.connectionpool:Starting new HTTPS connection (1): hadith.inoor.ir:443
DEBUG:urllib3.connectionpool:https://hadith.inoor.ir:443 "POST /service/api/elastic/ElasticHadithById HTTP/1.1" 200 None
INFO:root:hadith id : 48237 20210818, 18:08:46
DEBUG:urllib3.connectionpool:Starting new HTTPS connection (1): hadith.inoor.ir:443
DEBUG:urllib3.connectionpool:https://hadith.inoor.ir:443 "POST /service/api/elastic/ElasticHadithById HTTP/1.1" 200 None
INFO:root:hadith id : 48238 20210818, 18:09:03
DEBUG:urllib3.connectionpool:Starting new HTTPS connection (1): hadith.inoor.ir:443
DEBUG:urllib3.connectionpool:https://hadith.inoor.ir:443 "POST /service/api/elastic/ElasticHadithById HTTP/1.1" 200 None
INFO:root:hadith id : 48239 20210818, 18:09:20
DEBUG:urllib3.connectionpool:Starting new HTTPS connection (1): hadith.inoor.ir:443
DEBUG:urllib3.connectionpool:https://hadith.inoor.ir:443 "POST /service/api/elastic/ElasticHadithById HTTP/1.1" 200 None
INFO:root:hadith id : 48240 20210818, 18:09:37
DEBUG:urllib3.connectionpool:Starting new HTTPS connection (1): hadith.inoor.ir:443
DEBUG:urllib3.connectionpool:https://hadith.inoor.ir:443 "POST /service/api/elastic/ElasticHadithById HTTP/1.1" 200 None
INFO:root:hadith id : 48241 20210818, 18:09:54
DEBUG:urllib3.connectionpool:Starting new HTTPS connection (1): hadith.inoor.ir:443
DEBUG:urllib3.connectionpool:https://hadith.inoor.ir:443 "POST /service/api/elastic/ElasticHadithById HTTP/1.1" 200 None
INFO:root:hadith id : 48242 20210818, 18:10:12
DEBUG:urllib3.connectionpool:Starting new HTTPS connection (1): hadith.inoor.ir:443
DEBUG:urllib3.connectionpool:https://hadith.inoor.ir:443 "POST /service/api/elastic/ElasticHadithById HTTP/1.1" 200 None
INFO:root:hadith id : 48243 20210818, 18:10:29
DEBUG:urllib3.connectionpool:Starting new HTTPS connection (1): hadith.inoor.ir:443
DEBUG:urllib3.connectionpool:https://hadith.inoor.ir:443 "POST /service/api/elastic/ElasticHadithById HTTP/1.1" 200 None
INFO:root:hadith id : 48244 20210818, 18:10:45
DEBUG:urllib3.connectionpool:Starting new HTTPS connection (1): hadith.inoor.ir:443
DEBUG:urllib3.connectionpool:https://hadith.inoor.ir:443 "POST /service/api/elastic/ElasticHadithById HTTP/1.1" 200 None
INFO:root:hadith id : 48245 20210818, 18:11:04
DEBUG:urllib3.connectionpool:Starting new HTTPS connection (1): hadith.inoor.ir:443
DEBUG:urllib3.connectionpool:https://hadith.inoor.ir:443 "POST /service/api/elastic/ElasticHadithById HTTP/1.1" 200 None
INFO:root:hadith id : 48246 20210818, 18:11:20
DEBUG:urllib3.connectionpool:Starting new HTTPS connection (1): hadith.inoor.ir:443
DEBUG:urllib3.connectionpool:https://hadith.inoor.ir:443 "POST /service/api/elastic/ElasticHadithById HTTP/1.1" 200 None
INFO:root:hadith id : 48247 20210818, 18:11:40
DEBUG:urllib3.connectionpool:Starting new HTTPS connection (1): hadith.inoor.ir:443
DEBUG:urllib3.connectionpool:https://hadith.inoor.ir:443 "POST /service/api/elastic/ElasticHadithById HTTP/1.1" 200 None
INFO:root:hadith id : 48248 20210818, 18:12:01
DEBUG:urllib3.connectionpool:Starting new HTTPS connection (1): hadith.inoor.ir:443
DEBUG:urllib3.connectionpool:https://hadith.inoor.ir:443 "POST /service/api/elastic/ElasticHadithById HTTP/1.1" 200 None
INFO:root:hadith id : 48249 20210818, 18:12:20
DEBUG:urllib3.connectionpool:Starting new HTTPS connection (1): hadith.inoor.ir:443
DEBUG:urllib3.connectionpool:https://hadith.inoor.ir:443 "POST /service/api/elastic/ElasticHadithById HTTP/1.1" 200 None
INFO:root:hadith id : 48250 20210818, 18:12:45
DEBUG:urllib3.connectionpool:Starting new HTTPS connection (1): hadith.inoor.ir:443
DEBUG:urllib3.connectionpool:https://hadith.inoor.ir:443 "POST /service/api/elastic/ElasticHadithById HTTP/1.1" 200 None
INFO:root:hadith id : 48251 20210818, 18:13:00
DEBUG:urllib3.connectionpool:Starting new HTTPS connection (1): hadith.inoor.ir:443
DEBUG:urllib3.connectionpool:https://hadith.inoor.ir:443 "POST /service/api/elastic/ElasticHadithById HTTP/1.1" 200 None
INFO:root:hadith id : 48252 20210818, 18:13:17
DEBUG:urllib3.connectionpool:Starting new HTTPS connection (1): hadith.inoor.ir:443
DEBUG:urllib3.connectionpool:https://hadith.inoor.ir:443 "POST /service/api/elastic/ElasticHadithById HTTP/1.1" 200 None
INFO:root:hadith id : 48253 20210818, 18:13:35
DEBUG:urllib3.connectionpool:Starting new HTTPS connection (1): hadith.inoor.ir:443
DEBUG:urllib3.connectionpool:https://hadith.inoor.ir:443 "POST /service/api/elastic/ElasticHadithById HTTP/1.1" 200 None
INFO:root:hadith id : 48254 20210818, 18:13:52
DEBUG:urllib3.connectionpool:Starting new HTTPS connection (1): hadith.inoor.ir:443
DEBUG:urllib3.connectionpool:https://hadith.inoor.ir:443 "POST /service/api/elastic/ElasticHadithById HTTP/1.1" 200 None
INFO:root:hadith id : 48255 20210818, 18:14:09
DEBUG:urllib3.connectionpool:Starting new HTTPS connection (1): hadith.inoor.ir:443
DEBUG:urllib3.connectionpool:https://hadith.inoor.ir:443 "POST /service/api/elastic/ElasticHadithById HTTP/1.1" 200 None
INFO:root:hadith id : 48256 20210818, 18:14:25
DEBUG:urllib3.connectionpool:Starting new HTTPS connection (1): hadith.inoor.ir:443
DEBUG:urllib3.connectionpool:https://hadith.inoor.ir:443 "POST /service/api/elastic/ElasticHadithById HTTP/1.1" 200 None
INFO:root:hadith id : 48257 20210818, 18:14:42
DEBUG:urllib3.connectionpool:Starting new HTTPS connection (1): hadith.inoor.ir:443
DEBUG:urllib3.connectionpool:https://hadith.inoor.ir:443 "POST /service/api/elastic/ElasticHadithById HTTP/1.1" 200 None
INFO:root:hadith id : 48258 20210818, 18:15:00
DEBUG:urllib3.connectionpool:Starting new HTTPS connection (1): hadith.inoor.ir:443
DEBUG:urllib3.connectionpool:https://hadith.inoor.ir:443 "POST /service/api/elastic/ElasticHadithById HTTP/1.1" 200 None
INFO:root:hadith id : 48259 20210818, 18:15:20
DEBUG:urllib3.connectionpool:Starting new HTTPS connection (1): hadith.inoor.ir:443
DEBUG:urllib3.connectionpool:https://hadith.inoor.ir:443 "POST /service/api/elastic/ElasticHadithById HTTP/1.1" 200 None
INFO:root:hadith id : 48260 20210818, 18:15:37
DEBUG:urllib3.connectionpool:Starting new HTTPS connection (1): hadith.inoor.ir:443
DEBUG:urllib3.connectionpool:https://hadith.inoor.ir:443 "POST /service/api/elastic/ElasticHadithById HTTP/1.1" 200 None
INFO:root:hadith id : 48261 20210818, 18:15:52
DEBUG:urllib3.connectionpool:Starting new HTTPS connection (1): hadith.inoor.ir:443
DEBUG:urllib3.connectionpool:https://hadith.inoor.ir:443 "POST /service/api/elastic/ElasticHadithById HTTP/1.1" 200 None
INFO:root:hadith id : 48262 20210818, 18:16:10
DEBUG:urllib3.connectionpool:Starting new HTTPS connection (1): hadith.inoor.ir:443
DEBUG:urllib3.connectionpool:https://hadith.inoor.ir:443 "POST /service/api/elastic/ElasticHadithById HTTP/1.1" 200 None
INFO:root:hadith id : 48263 20210818, 18:16:26
DEBUG:urllib3.connectionpool:Starting new HTTPS connection (1): hadith.inoor.ir:443
DEBUG:urllib3.connectionpool:https://hadith.inoor.ir:443 "POST /service/api/elastic/ElasticHadithById HTTP/1.1" 200 None
INFO:root:hadith id : 48264 20210818, 18:16:41
DEBUG:urllib3.connectionpool:Starting new HTTPS connection (1): hadith.inoor.ir:443
DEBUG:urllib3.connectionpool:https://hadith.inoor.ir:443 "POST /service/api/elastic/ElasticHadithById HTTP/1.1" 200 None
INFO:root:hadith id : 48265 20210818, 18:16:58
DEBUG:urllib3.connectionpool:Starting new HTTPS connection (1): hadith.inoor.ir:443
DEBUG:urllib3.connectionpool:https://hadith.inoor.ir:443 "POST /service/api/elastic/ElasticHadithById HTTP/1.1" 200 None
INFO:root:hadith id : 48266 20210818, 18:17:16
DEBUG:urllib3.connectionpool:Starting new HTTPS connection (1): hadith.inoor.ir:443
DEBUG:urllib3.connectionpool:https://hadith.inoor.ir:443 "POST /service/api/elastic/ElasticHadithById HTTP/1.1" 200 None
INFO:root:hadith id : 48267 20210818, 18:17:34
DEBUG:urllib3.connectionpool:Starting new HTTPS connection (1): hadith.inoor.ir:443
DEBUG:urllib3.connectionpool:https://hadith.inoor.ir:443 "POST /service/api/elastic/ElasticHadithById HTTP/1.1" 200 None
INFO:root:hadith id : 48268 20210818, 18:17:51
DEBUG:urllib3.connectionpool:Starting new HTTPS connection (1): hadith.inoor.ir:443
DEBUG:urllib3.connectionpool:https://hadith.inoor.ir:443 "POST /service/api/elastic/ElasticHadithById HTTP/1.1" 200 None
INFO:root:hadith id : 48269 20210818, 18:18:08
DEBUG:urllib3.connectionpool:Starting new HTTPS connection (1): hadith.inoor.ir:443
DEBUG:urllib3.connectionpool:https://hadith.inoor.ir:443 "POST /service/api/elastic/ElasticHadithById HTTP/1.1" 200 None
INFO:root:hadith id : 48270 20210818, 18:18:26
DEBUG:urllib3.connectionpool:Starting new HTTPS connection (1): hadith.inoor.ir:443
DEBUG:urllib3.connectionpool:https://hadith.inoor.ir:443 "POST /service/api/elastic/ElasticHadithById HTTP/1.1" 200 None
INFO:root:hadith id : 48271 20210818, 18:18:43
DEBUG:urllib3.connectionpool:Starting new HTTPS connection (1): hadith.inoor.ir:443
DEBUG:urllib3.connectionpool:https://hadith.inoor.ir:443 "POST /service/api/elastic/ElasticHadithById HTTP/1.1" 200 None
INFO:root:hadith id : 48272 20210818, 18:18:59
DEBUG:urllib3.connectionpool:Starting new HTTPS connection (1): hadith.inoor.ir:443
DEBUG:urllib3.connectionpool:https://hadith.inoor.ir:443 "POST /service/api/elastic/ElasticHadithById HTTP/1.1" 200 None
INFO:root:hadith id : 48273 20210818, 18:19:16
DEBUG:urllib3.connectionpool:Starting new HTTPS connection (1): hadith.inoor.ir:443
DEBUG:urllib3.connectionpool:https://hadith.inoor.ir:443 "POST /service/api/elastic/ElasticHadithById HTTP/1.1" 200 None
INFO:root:hadith id : 48274 20210818, 18:19:34
DEBUG:urllib3.connectionpool:Starting new HTTPS connection (1): hadith.inoor.ir:443
DEBUG:urllib3.connectionpool:https://hadith.inoor.ir:443 "POST /service/api/elastic/ElasticHadithById HTTP/1.1" 200 None
INFO:root:hadith id : 48275 20210818, 18:19:53
DEBUG:urllib3.connectionpool:Starting new HTTPS connection (1): hadith.inoor.ir:443
DEBUG:urllib3.connectionpool:https://hadith.inoor.ir:443 "POST /service/api/elastic/ElasticHadithById HTTP/1.1" 200 None
INFO:root:hadith id : 48276 20210818, 18:20:09
DEBUG:urllib3.connectionpool:Starting new HTTPS connection (1): hadith.inoor.ir:443
DEBUG:urllib3.connectionpool:https://hadith.inoor.ir:443 "POST /service/api/elastic/ElasticHadithById HTTP/1.1" 200 None
INFO:root:hadith id : 48277 20210818, 18:20:27
DEBUG:urllib3.connectionpool:Starting new HTTPS connection (1): hadith.inoor.ir:443
DEBUG:urllib3.connectionpool:https://hadith.inoor.ir:443 "POST /service/api/elastic/ElasticHadithById HTTP/1.1" 200 None
INFO:root:hadith id : 48278 20210818, 18:20:47
DEBUG:urllib3.connectionpool:Starting new HTTPS connection (1): hadith.inoor.ir:443
DEBUG:urllib3.connectionpool:https://hadith.inoor.ir:443 "POST /service/api/elastic/ElasticHadithById HTTP/1.1" 200 None
INFO:root:hadith id : 48279 20210818, 18:21:03
DEBUG:urllib3.connectionpool:Starting new HTTPS connection (1): hadith.inoor.ir:443
DEBUG:urllib3.connectionpool:https://hadith.inoor.ir:443 "POST /service/api/elastic/ElasticHadithById HTTP/1.1" 200 None
INFO:root:hadith id : 48280 20210818, 18:21:20
DEBUG:urllib3.connectionpool:Starting new HTTPS connection (1): hadith.inoor.ir:443
DEBUG:urllib3.connectionpool:https://hadith.inoor.ir:443 "POST /service/api/elastic/ElasticHadithById HTTP/1.1" 200 None
INFO:root:hadith id : 48281 20210818, 18:21:37
DEBUG:urllib3.connectionpool:Starting new HTTPS connection (1): hadith.inoor.ir:443
DEBUG:urllib3.connectionpool:https://hadith.inoor.ir:443 "POST /service/api/elastic/ElasticHadithById HTTP/1.1" 200 None
INFO:root:hadith id : 48282 20210818, 18:21:54
DEBUG:urllib3.connectionpool:Starting new HTTPS connection (1): hadith.inoor.ir:443
DEBUG:urllib3.connectionpool:https://hadith.inoor.ir:443 "POST /service/api/elastic/ElasticHadithById HTTP/1.1" 200 None
ERROR:root:first exception occured !!! hadith id : 48282 20210818, 18:21:54
INFO:root:hadith id : 48283 20210818, 18:21:56
DEBUG:urllib3.connectionpool:Starting new HTTPS connection (1): hadith.inoor.ir:443
DEBUG:urllib3.connectionpool:https://hadith.inoor.ir:443 "POST /service/api/elastic/ElasticHadithById HTTP/1.1" 200 None
INFO:root:hadith id : 48284 20210818, 18:22:12
DEBUG:urllib3.connectionpool:Starting new HTTPS connection (1): hadith.inoor.ir:443
DEBUG:urllib3.connectionpool:https://hadith.inoor.ir:443 "POST /service/api/elastic/ElasticHadithById HTTP/1.1" 200 None
INFO:root:hadith id : 48285 20210818, 18:22:35
DEBUG:urllib3.connectionpool:Starting new HTTPS connection (1): hadith.inoor.ir:443
DEBUG:urllib3.connectionpool:https://hadith.inoor.ir:443 "POST /service/api/elastic/ElasticHadithById HTTP/1.1" 200 None
INFO:root:hadith id : 48286 20210818, 18:22:51
DEBUG:urllib3.connectionpool:Starting new HTTPS connection (1): hadith.inoor.ir:443
DEBUG:urllib3.connectionpool:https://hadith.inoor.ir:443 "POST /service/api/elastic/ElasticHadithById HTTP/1.1" 200 None
INFO:root:hadith id : 48287 20210818, 18:23:08
DEBUG:urllib3.connectionpool:Starting new HTTPS connection (1): hadith.inoor.ir:443
DEBUG:urllib3.connectionpool:https://hadith.inoor.ir:443 "POST /service/api/elastic/ElasticHadithById HTTP/1.1" 200 None
INFO:root:hadith id : 48288 20210818, 18:23:26
DEBUG:urllib3.connectionpool:Starting new HTTPS connection (1): hadith.inoor.ir:443
DEBUG:urllib3.connectionpool:https://hadith.inoor.ir:443 "POST /service/api/elastic/ElasticHadithById HTTP/1.1" 200 None
INFO:root:hadith id : 48289 20210818, 18:23:43
DEBUG:urllib3.connectionpool:Starting new HTTPS connection (1): hadith.inoor.ir:443
DEBUG:urllib3.connectionpool:https://hadith.inoor.ir:443 "POST /service/api/elastic/ElasticHadithById HTTP/1.1" 200 None
INFO:root:hadith id : 48290 20210818, 18:23:59
DEBUG:urllib3.connectionpool:Starting new HTTPS connection (1): hadith.inoor.ir:443
DEBUG:urllib3.connectionpool:https://hadith.inoor.ir:443 "POST /service/api/elastic/ElasticHadithById HTTP/1.1" 200 None
INFO:root:hadith id : 48291 20210818, 18:24:15
DEBUG:urllib3.connectionpool:Starting new HTTPS connection (1): hadith.inoor.ir:443
DEBUG:urllib3.connectionpool:https://hadith.inoor.ir:443 "POST /service/api/elastic/ElasticHadithById HTTP/1.1" 200 None
INFO:root:hadith id : 48292 20210818, 18:24:32
DEBUG:urllib3.connectionpool:Starting new HTTPS connection (1): hadith.inoor.ir:443
DEBUG:urllib3.connectionpool:https://hadith.inoor.ir:443 "POST /service/api/elastic/ElasticHadithById HTTP/1.1" 200 None
INFO:root:hadith id : 48293 20210818, 18:24:49
DEBUG:urllib3.connectionpool:Starting new HTTPS connection (1): hadith.inoor.ir:443
DEBUG:urllib3.connectionpool:https://hadith.inoor.ir:443 "POST /service/api/elastic/ElasticHadithById HTTP/1.1" 200 None
INFO:root:hadith id : 48294 20210818, 18:25:08
DEBUG:urllib3.connectionpool:Starting new HTTPS connection (1): hadith.inoor.ir:443
DEBUG:urllib3.connectionpool:https://hadith.inoor.ir:443 "POST /service/api/elastic/ElasticHadithById HTTP/1.1" 200 None
INFO:root:hadith id : 48295 20210818, 18:25:24
DEBUG:urllib3.connectionpool:Starting new HTTPS connection (1): hadith.inoor.ir:443
DEBUG:urllib3.connectionpool:https://hadith.inoor.ir:443 "POST /service/api/elastic/ElasticHadithById HTTP/1.1" 200 None
INFO:root:hadith id : 48296 20210818, 18:25:40
DEBUG:urllib3.connectionpool:Starting new HTTPS connection (1): hadith.inoor.ir:443
DEBUG:urllib3.connectionpool:https://hadith.inoor.ir:443 "POST /service/api/elastic/ElasticHadithById HTTP/1.1" 200 None
INFO:root:hadith id : 48297 20210818, 18:25:57
DEBUG:urllib3.connectionpool:Starting new HTTPS connection (1): hadith.inoor.ir:443
DEBUG:urllib3.connectionpool:https://hadith.inoor.ir:443 "POST /service/api/elastic/ElasticHadithById HTTP/1.1" 200 None
INFO:root:hadith id : 48298 20210818, 18:26:18
DEBUG:urllib3.connectionpool:Starting new HTTPS connection (1): hadith.inoor.ir:443
DEBUG:urllib3.connectionpool:https://hadith.inoor.ir:443 "POST /service/api/elastic/ElasticHadithById HTTP/1.1" 200 None
ERROR:root:first exception occured !!! hadith id : 48298 20210818, 18:26:18
INFO:root:hadith id : 48299 20210818, 18:26:19
DEBUG:urllib3.connectionpool:Starting new HTTPS connection (1): hadith.inoor.ir:443
DEBUG:urllib3.connectionpool:https://hadith.inoor.ir:443 "POST /service/api/elastic/ElasticHadithById HTTP/1.1" 200 None
INFO:root:hadith id : 48300 20210818, 18:26:36
DEBUG:urllib3.connectionpool:Starting new HTTPS connection (1): hadith.inoor.ir:443
DEBUG:urllib3.connectionpool:https://hadith.inoor.ir:443 "POST /service/api/elastic/ElasticHadithById HTTP/1.1" 200 None
INFO:root:hadith id : 48301 20210818, 18:26:52
DEBUG:urllib3.connectionpool:Starting new HTTPS connection (1): hadith.inoor.ir:443
DEBUG:urllib3.connectionpool:https://hadith.inoor.ir:443 "POST /service/api/elastic/ElasticHadithById HTTP/1.1" 200 None
INFO:root:hadith id : 48302 20210818, 18:27:08
DEBUG:urllib3.connectionpool:Starting new HTTPS connection (1): hadith.inoor.ir:443
DEBUG:urllib3.connectionpool:https://hadith.inoor.ir:443 "POST /service/api/elastic/ElasticHadithById HTTP/1.1" 200 None
INFO:root:hadith id : 48303 20210818, 18:27:25
DEBUG:urllib3.connectionpool:Starting new HTTPS connection (1): hadith.inoor.ir:443
DEBUG:urllib3.connectionpool:https://hadith.inoor.ir:443 "POST /service/api/elastic/ElasticHadithById HTTP/1.1" 430 9
ERROR:root:first exception occured !!! hadith id : 48303 20210818, 18:27:25
INFO:root:new run
INFO:root:
INFO:root:hadith id : 48303 20210818, 20:21:05
DEBUG:urllib3.connectionpool:Starting new HTTPS connection (1): hadith.inoor.ir:443
DEBUG:urllib3.connectionpool:https://hadith.inoor.ir:443 "POST /service/api/elastic/ElasticHadithById HTTP/1.1" 429 17
ERROR:root:hadith id : 48303 20210818, 20:21:05 statuscode 429 or 430 occured and exit!
